<?xml version="1.0" encoding="UTF-8"?>
<testsuite xmlns:xsi="http://www.w3.org/2001/XMLSchema-instance" xsi:noNamespaceSchemaLocation="https://maven.apache.org/surefire/maven-failsafe-plugin/xsd/failsafe-test-report-3.0.xsd" version="3.0" name="com.testwithspring.master.message.ShowMessageTextSpec" time="24.139" tests="1" errors="0" skipped="0" failures="1">
  <properties>
[...]
</properties>
  <testcase name="Open message page" classname="com.testwithspring.master.message.ShowMessageTextSpec" time="14.621">
    <failure message="Condition not satisfied:&#10;&#10;browser.title == &apos;Hello World!&apos;&#10;|       |     |&#10;|       |     false&#10;|       |     26 differences (10% similarity)&#10;|       |     (Err-)o(r) (503 Se)r(vice Unavai)l(able)&#10;|       |     (Hell)o(-) (Wo----)r(-----------)l(d!--)&#10;|       Error 503 Service Unavailable&#10;ChromeDriver: chrome on XP (0825fd6452c6727c08e344a23238e251)&#10;" type="Condition not satisfied"><![CDATA[Condition not satisfied:

browser.title == 'Hello World!'
|       |     |
|       |     false
|       |     26 differences (10% similarity)
|       |     (Err-)o(r) (503 Se)r(vice Unavai)l(able)
|       |     (Hell)o(-) (Wo----)r(-----------)l(d!--)
|       Error 503 Service Unavailable
ChromeDriver: chrome on XP (0825fd6452c6727c08e344a23238e251)

	at com.testwithspring.master.message.ShowMessageTextSpec.Open message page(ShowMessageTextSpec.groovy:33)
]]></failure>
    <system-out><![CDATA[2022-07-26 18:06:01,249 DEBUG - SpockReportExtension       - Configuring com.athaydes.spockframework.report.SpockReportExtension
2022-07-26 18:06:01,408 INFO  - ConfigLoader               - SpockReports config loaded: {com.athaydes.spockframework.report.projectVersion=Unknown, com.athaydes.spockframework.report.template.TemplateReportCreator.enabled=true, com.athaydes.spockframework.report.internal.HtmlReportCreator.printThrowableStackTrace=false, com.athaydes.spockframework.report.template.TemplateReportCreator.specTemplateFile=/templateReportCreator/spec-template.md, com.athaydes.spockframework.report.template.TemplateReportCreator.reportFileExtension=md, com.athaydes.spockframework.report.hideEmptyBlocks=false, com.athaydes.spockframework.report.template.TemplateReportCreator.summaryTemplateFile=/templateReportCreator/summary-template.md, com.athaydes.spockframework.report.template.TemplateReportCreator.summaryFileName=summary.md, com.athaydes.spockframework.report.internal.HtmlReportCreator.enabled=true, com.athaydes.spockframework.report.outputDir=build/spock-reports, com.athaydes.spockframework.report.projectName=, com.athaydes.spockframework.report.showCodeBlocks=false, com.athaydes.spockframework.report.internal.HtmlReportCreator.inlineCss=true, com.athaydes.spockframework.report.internal.HtmlReportCreator.featureReportCss=spock-feature-report.css, com.athaydes.spockframework.report.testSourceRoots=src/test/groovy, com.athaydes.spockframework.report.internal.HtmlReportCreator.summaryReportCss=spock-summary-report.css, com.athaydes.spockframework.report.internal.HtmlReportCreator.excludeToc=false, com.athaydes.spockframework.report.IReportCreator=com.athaydes.spockframework.report.internal.HtmlReportCreator}
2022-07-26 18:06:01,555 DEBUG - SpockReportExtension       - Loading settings for reportCreator of type com.athaydes.spockframework.report.internal.HtmlReportCreator
2022-07-26 18:06:01,850 INFO  - WebTestContextBootstrapper - Loaded default TestExecutionListener class names from location [META-INF/spring.factories]: [org.springframework.test.context.web.ServletTestExecutionListener, org.springframework.test.context.support.DirtiesContextBeforeModesTestExecutionListener, org.springframework.test.context.support.DependencyInjectionTestExecutionListener, org.springframework.test.context.support.DirtiesContextTestExecutionListener, org.springframework.test.context.transaction.TransactionalTestExecutionListener, org.springframework.test.context.jdbc.SqlScriptsTestExecutionListener]
2022-07-26 18:06:01,859 INFO  - WebTestContextBootstrapper - Could not instantiate TestExecutionListener [org.springframework.test.context.jdbc.SqlScriptsTestExecutionListener]. Specify custom listener classes or make the default listener classes (and their required dependencies) available. Offending class: [org/springframework/transaction/interceptor/TransactionAttribute]
2022-07-26 18:06:01,860 INFO  - WebTestContextBootstrapper - Could not instantiate TestExecutionListener [org.springframework.test.context.transaction.TransactionalTestExecutionListener]. Specify custom listener classes or make the default listener classes (and their required dependencies) available. Offending class: [org/springframework/transaction/interceptor/TransactionAttributeSource]
2022-07-26 18:06:01,860 INFO  - WebTestContextBootstrapper - Using TestExecutionListeners: [org.springframework.test.context.web.ServletTestExecutionListener@5be067de, org.springframework.test.context.support.DirtiesContextBeforeModesTestExecutionListener@7383eae2, org.springframework.test.context.support.DependencyInjectionTestExecutionListener@18245eb0, org.springframework.test.context.support.DirtiesContextTestExecutionListener@7c7d3c46]
2022-07-26 18:06:01,950 DEBUG - SpecInfoListener           - Before spec: com.testwithspring.master.message.ShowMessageTextSpec
2022-07-26 18:06:01,954 DEBUG - SpecInfoListener           - Before feature: Open message page
2022-07-26 18:06:03,694 DEBUG - RequestAddCookies          - CookieSpec selected: default
2022-07-26 18:06:03,705 DEBUG - RequestAuthCache           - Auth cache not set in the context
2022-07-26 18:06:03,706 DEBUG - ttpClientConnectionManager - Connection request: [route: {}->http://localhost:24045][total kept alive: 0; route allocated: 0 of 2000; total allocated: 0 of 2000]
2022-07-26 18:06:03,726 DEBUG - ttpClientConnectionManager - Connection leased: [id: 0][route: {}->http://localhost:24045][total kept alive: 0; route allocated: 1 of 2000; total allocated: 1 of 2000]
2022-07-26 18:06:03,727 DEBUG - MainClientExec             - Opening connection {}->http://localhost:24045
2022-07-26 18:06:03,729 DEBUG - tpClientConnectionOperator - Connecting to localhost/127.0.0.1:24045
2022-07-26 18:06:03,731 DEBUG - tpClientConnectionOperator - Connection established 127.0.0.1:56411<->127.0.0.1:24045
2022-07-26 18:06:03,731 DEBUG - anagedHttpClientConnection - http-outgoing-0: set socket timeout to 10800000
2022-07-26 18:06:03,731 DEBUG - MainClientExec             - Executing request POST /session HTTP/1.1
2022-07-26 18:06:03,731 DEBUG - MainClientExec             - Target auth state: UNCHALLENGED
2022-07-26 18:06:03,731 DEBUG - MainClientExec             - Proxy auth state: UNCHALLENGED
2022-07-26 18:06:03,734 DEBUG - headers                    - http-outgoing-0 >> POST /session HTTP/1.1
2022-07-26 18:06:03,734 DEBUG - headers                    - http-outgoing-0 >> Content-Type: application/json; charset=utf-8
2022-07-26 18:06:03,734 DEBUG - headers                    - http-outgoing-0 >> Content-Length: 122
2022-07-26 18:06:03,734 DEBUG - headers                    - http-outgoing-0 >> Host: localhost:24045
2022-07-26 18:06:03,734 DEBUG - headers                    - http-outgoing-0 >> Connection: Keep-Alive
2022-07-26 18:06:03,734 DEBUG - headers                    - http-outgoing-0 >> User-Agent: Apache-HttpClient/4.5.3 (Java/17.0.3)
2022-07-26 18:06:03,735 DEBUG - headers                    - http-outgoing-0 >> Accept-Encoding: gzip,deflate
2022-07-26 18:06:03,735 DEBUG - wire                       - http-outgoing-0 >> "POST /session HTTP/1.1[\r][\n]"
2022-07-26 18:06:03,735 DEBUG - wire                       - http-outgoing-0 >> "Content-Type: application/json; charset=utf-8[\r][\n]"
2022-07-26 18:06:03,735 DEBUG - wire                       - http-outgoing-0 >> "Content-Length: 122[\r][\n]"
2022-07-26 18:06:03,735 DEBUG - wire                       - http-outgoing-0 >> "Host: localhost:24045[\r][\n]"
2022-07-26 18:06:03,735 DEBUG - wire                       - http-outgoing-0 >> "Connection: Keep-Alive[\r][\n]"
2022-07-26 18:06:03,735 DEBUG - wire                       - http-outgoing-0 >> "User-Agent: Apache-HttpClient/4.5.3 (Java/17.0.3)[\r][\n]"
2022-07-26 18:06:03,735 DEBUG - wire                       - http-outgoing-0 >> "Accept-Encoding: gzip,deflate[\r][\n]"
2022-07-26 18:06:03,735 DEBUG - wire                       - http-outgoing-0 >> "[\r][\n]"
2022-07-26 18:06:03,735 DEBUG - wire                       - http-outgoing-0 >> "{"desiredCapabilities":{"browserName":"chrome","chromeOptions":{"args":[],"extensions":[]},"version":"","platform":"ANY"}}"
2022-07-26 18:06:07,282 DEBUG - wire                       - http-outgoing-0 << "HTTP/1.1 200 OK[\r][\n]"
2022-07-26 18:06:07,283 DEBUG - wire                       - http-outgoing-0 << "Content-Length:1128[\r][\n]"
2022-07-26 18:06:07,283 DEBUG - wire                       - http-outgoing-0 << "Content-Type:application/json; charset=utf-8[\r][\n]"
2022-07-26 18:06:07,283 DEBUG - wire                       - http-outgoing-0 << "[\r][\n]"
2022-07-26 18:06:07,283 DEBUG - wire                       - http-outgoing-0 << "{"sessionId":"4363c31aaeeda42128e69f9648e22839","status":0,"value":{"acceptInsecureCerts":false,"acceptSslCerts":false,"browserConnectionEnabled":false,"browserName":"chrome","chrome":{"chromedriverVersion":"103.0.5060.134 (8ec6fce403b3feb0869b0732eda8bd95011d333c-refs/branch-heads/5060@{#1262})","userDataDir":"C:\\Users\\DELL.DESKTOP-ISND0P9\\AppData\\Local\\Temp\\scoped_dir20472_1725553844"},"cssSelectorsEnabled":true,"databaseEnabled":false,"goog:chromeOptions":{"debuggerAddress":"localhost:56412"},"handlesAlerts":true,"hasTouchScreen":false,"javascriptEnabled":true,"locationContextEnabled":true,"mobileEmulationEnabled":false,"nativeEvents":true,"networkConnectionEnabled":false,"pageLoadStrategy":"normal","platform":"Windows","proxy":{},"rotatable":false,"setWindowRect":true,"strictFileInteractability":false,"takesHeapSnapshot":true,"takesScreenshot":true,"timeouts":{"implicit":0,"pageLoad":300000,"script":30000},"unexpectedAlertBehaviour":"ignore","version":"103.0.5060.134","webStorageEnabled":true,"webauthn:extension:credBlob":true,"webauthn:extension:largeBlob":true,"webauthn:virtualAuthenticators":true}}"
2022-07-26 18:06:07,290 DEBUG - headers                    - http-outgoing-0 << HTTP/1.1 200 OK
2022-07-26 18:06:07,290 DEBUG - headers                    - http-outgoing-0 << Content-Length:1128
2022-07-26 18:06:07,290 DEBUG - headers                    - http-outgoing-0 << Content-Type:application/json; charset=utf-8
2022-07-26 18:06:07,297 DEBUG - MainClientExec             - Connection can be kept alive indefinitely
2022-07-26 18:06:07,304 DEBUG - ttpClientConnectionManager - Connection [id: 0][route: {}->http://localhost:24045] can be kept alive indefinitely
2022-07-26 18:06:07,304 DEBUG - ttpClientConnectionManager - Connection released: [id: 0][route: {}->http://localhost:24045][total kept alive: 1; route allocated: 1 of 2000; total allocated: 1 of 2000]
2022-07-26 18:06:07,321 DEBUG - SpecInfoListener           - Before iteration: Open message page
2022-07-26 18:06:07,734 DEBUG - RequestAddCookies          - CookieSpec selected: default
2022-07-26 18:06:07,734 DEBUG - RequestAuthCache           - Auth cache not set in the context
2022-07-26 18:06:07,734 DEBUG - ttpClientConnectionManager - Connection request: [route: {}->http://localhost:41607][total kept alive: 1; route allocated: 0 of 2000; total allocated: 1 of 2000]
2022-07-26 18:06:07,735 DEBUG - ttpClientConnectionManager - Connection leased: [id: 1][route: {}->http://localhost:41607][total kept alive: 1; route allocated: 1 of 2000; total allocated: 2 of 2000]
2022-07-26 18:06:07,735 DEBUG - MainClientExec             - Opening connection {}->http://localhost:41607
2022-07-26 18:06:07,735 DEBUG - tpClientConnectionOperator - Connecting to localhost/127.0.0.1:41607
2022-07-26 18:06:07,737 DEBUG - tpClientConnectionOperator - Connection established 127.0.0.1:56427<->127.0.0.1:41607
2022-07-26 18:06:07,737 DEBUG - anagedHttpClientConnection - http-outgoing-1: set socket timeout to 10800000
2022-07-26 18:06:07,738 DEBUG - MainClientExec             - Executing request POST /session HTTP/1.1
2022-07-26 18:06:07,738 DEBUG - MainClientExec             - Target auth state: UNCHALLENGED
2022-07-26 18:06:07,738 DEBUG - MainClientExec             - Proxy auth state: UNCHALLENGED
2022-07-26 18:06:07,738 DEBUG - headers                    - http-outgoing-1 >> POST /session HTTP/1.1
2022-07-26 18:06:07,738 DEBUG - headers                    - http-outgoing-1 >> Content-Type: application/json; charset=utf-8
2022-07-26 18:06:07,738 DEBUG - headers                    - http-outgoing-1 >> Content-Length: 162
2022-07-26 18:06:07,738 DEBUG - headers                    - http-outgoing-1 >> Host: localhost:41607
2022-07-26 18:06:07,738 DEBUG - headers                    - http-outgoing-1 >> Connection: Keep-Alive
2022-07-26 18:06:07,738 DEBUG - headers                    - http-outgoing-1 >> User-Agent: Apache-HttpClient/4.5.3 (Java/17.0.3)
2022-07-26 18:06:07,738 DEBUG - headers                    - http-outgoing-1 >> Accept-Encoding: gzip,deflate
2022-07-26 18:06:07,738 DEBUG - wire                       - http-outgoing-1 >> "POST /session HTTP/1.1[\r][\n]"
2022-07-26 18:06:07,738 DEBUG - wire                       - http-outgoing-1 >> "Content-Type: application/json; charset=utf-8[\r][\n]"
2022-07-26 18:06:07,738 DEBUG - wire                       - http-outgoing-1 >> "Content-Length: 162[\r][\n]"
2022-07-26 18:06:07,738 DEBUG - wire                       - http-outgoing-1 >> "Host: localhost:41607[\r][\n]"
2022-07-26 18:06:07,738 DEBUG - wire                       - http-outgoing-1 >> "Connection: Keep-Alive[\r][\n]"
2022-07-26 18:06:07,739 DEBUG - wire                       - http-outgoing-1 >> "User-Agent: Apache-HttpClient/4.5.3 (Java/17.0.3)[\r][\n]"
2022-07-26 18:06:07,739 DEBUG - wire                       - http-outgoing-1 >> "Accept-Encoding: gzip,deflate[\r][\n]"
2022-07-26 18:06:07,739 DEBUG - wire                       - http-outgoing-1 >> "[\r][\n]"
2022-07-26 18:06:07,739 DEBUG - wire                       - http-outgoing-1 >> "{"desiredCapabilities":{"browserName":"chrome","chromeOptions":{"args":[],"extensions":[],"excludeSwitches":["enable-automation"]},"version":"","platform":"ANY"}}"
2022-07-26 18:06:10,490 DEBUG - wire                       - http-outgoing-1 << "HTTP/1.1 200 OK[\r][\n]"
2022-07-26 18:06:10,491 DEBUG - wire                       - http-outgoing-1 << "Content-Length:1128[\r][\n]"
2022-07-26 18:06:10,491 DEBUG - wire                       - http-outgoing-1 << "Content-Type:application/json; charset=utf-8[\r][\n]"
2022-07-26 18:06:10,491 DEBUG - wire                       - http-outgoing-1 << "[\r][\n]"
2022-07-26 18:06:10,491 DEBUG - wire                       - http-outgoing-1 << "{"sessionId":"0825fd6452c6727c08e344a23238e251","status":0,"value":{"acceptInsecureCerts":false,"acceptSslCerts":false,"browserConnectionEnabled":false,"browserName":"chrome","chrome":{"chromedriverVersion":"103.0.5060.134 (8ec6fce403b3feb0869b0732eda8bd95011d333c-refs/branch-heads/5060@{#1262})","userDataDir":"C:\\Users\\DELL.DESKTOP-ISND0P9\\AppData\\Local\\Temp\\scoped_dir23484_1457698380"},"cssSelectorsEnabled":true,"databaseEnabled":false,"goog:chromeOptions":{"debuggerAddress":"localhost:56428"},"handlesAlerts":true,"hasTouchScreen":false,"javascriptEnabled":true,"locationContextEnabled":true,"mobileEmulationEnabled":false,"nativeEvents":true,"networkConnectionEnabled":false,"pageLoadStrategy":"normal","platform":"Windows","proxy":{},"rotatable":false,"setWindowRect":true,"strictFileInteractability":false,"takesHeapSnapshot":true,"takesScreenshot":true,"timeouts":{"implicit":0,"pageLoad":300000,"script":30000},"unexpectedAlertBehaviour":"ignore","version":"103.0.5060.134","webStorageEnabled":true,"webauthn:extension:credBlob":true,"webauthn:extension:largeBlob":true,"webauthn:virtualAuthenticators":true}}"
2022-07-26 18:06:10,491 DEBUG - headers                    - http-outgoing-1 << HTTP/1.1 200 OK
2022-07-26 18:06:10,491 DEBUG - headers                    - http-outgoing-1 << Content-Length:1128
2022-07-26 18:06:10,491 DEBUG - headers                    - http-outgoing-1 << Content-Type:application/json; charset=utf-8
2022-07-26 18:06:10,492 DEBUG - MainClientExec             - Connection can be kept alive indefinitely
2022-07-26 18:06:10,493 DEBUG - ttpClientConnectionManager - Connection [id: 1][route: {}->http://localhost:41607] can be kept alive indefinitely
2022-07-26 18:06:10,493 DEBUG - ttpClientConnectionManager - Connection released: [id: 1][route: {}->http://localhost:41607][total kept alive: 2; route allocated: 1 of 2000; total allocated: 2 of 2000]
2022-07-26 18:06:10,497 DEBUG - RequestAddCookies          - CookieSpec selected: default
2022-07-26 18:06:10,497 DEBUG - RequestAuthCache           - Auth cache not set in the context
2022-07-26 18:06:10,497 DEBUG - ttpClientConnectionManager - Connection request: [route: {}->http://localhost:41607][total kept alive: 2; route allocated: 1 of 2000; total allocated: 2 of 2000]
2022-07-26 18:06:10,497 DEBUG - ttpClientConnectionManager - Connection leased: [id: 1][route: {}->http://localhost:41607][total kept alive: 1; route allocated: 1 of 2000; total allocated: 2 of 2000]
2022-07-26 18:06:10,497 DEBUG - MainClientExec             - Stale connection check
2022-07-26 18:06:10,498 DEBUG - wire                       - http-outgoing-1 << "[read] I/O error: Read timed out"
2022-07-26 18:06:10,498 DEBUG - anagedHttpClientConnection - http-outgoing-1: set socket timeout to 10800000
2022-07-26 18:06:10,498 DEBUG - MainClientExec             - Executing request POST /session/0825fd6452c6727c08e344a23238e251/url HTTP/1.1
2022-07-26 18:06:10,498 DEBUG - MainClientExec             - Target auth state: UNCHALLENGED
2022-07-26 18:06:10,498 DEBUG - MainClientExec             - Proxy auth state: UNCHALLENGED
2022-07-26 18:06:10,498 DEBUG - headers                    - http-outgoing-1 >> POST /session/0825fd6452c6727c08e344a23238e251/url HTTP/1.1
2022-07-26 18:06:10,498 DEBUG - headers                    - http-outgoing-1 >> Content-Type: application/json; charset=utf-8
2022-07-26 18:06:10,498 DEBUG - headers                    - http-outgoing-1 >> Content-Length: 35
2022-07-26 18:06:10,499 DEBUG - headers                    - http-outgoing-1 >> Host: localhost:41607
2022-07-26 18:06:10,499 DEBUG - headers                    - http-outgoing-1 >> Connection: Keep-Alive
2022-07-26 18:06:10,499 DEBUG - headers                    - http-outgoing-1 >> User-Agent: Apache-HttpClient/4.5.3 (Java/17.0.3)
2022-07-26 18:06:10,499 DEBUG - headers                    - http-outgoing-1 >> Accept-Encoding: gzip,deflate
2022-07-26 18:06:10,499 DEBUG - wire                       - http-outgoing-1 >> "POST /session/0825fd6452c6727c08e344a23238e251/url HTTP/1.1[\r][\n]"
2022-07-26 18:06:10,499 DEBUG - wire                       - http-outgoing-1 >> "Content-Type: application/json; charset=utf-8[\r][\n]"
2022-07-26 18:06:10,499 DEBUG - wire                       - http-outgoing-1 >> "Content-Length: 35[\r][\n]"
2022-07-26 18:06:10,499 DEBUG - wire                       - http-outgoing-1 >> "Host: localhost:41607[\r][\n]"
2022-07-26 18:06:10,499 DEBUG - wire                       - http-outgoing-1 >> "Connection: Keep-Alive[\r][\n]"
2022-07-26 18:06:10,499 DEBUG - wire                       - http-outgoing-1 >> "User-Agent: Apache-HttpClient/4.5.3 (Java/17.0.3)[\r][\n]"
2022-07-26 18:06:10,499 DEBUG - wire                       - http-outgoing-1 >> "Accept-Encoding: gzip,deflate[\r][\n]"
2022-07-26 18:06:10,499 DEBUG - wire                       - http-outgoing-1 >> "[\r][\n]"
2022-07-26 18:06:10,499 DEBUG - wire                       - http-outgoing-1 >> "{"url":"http://localhost:8080/hi/"}"
2022-07-26 18:06:11,532 DEBUG - wire                       - http-outgoing-1 << "HTTP/1.1 200 OK[\r][\n]"
2022-07-26 18:06:11,532 DEBUG - wire                       - http-outgoing-1 << "Content-Length:72[\r][\n]"
2022-07-26 18:06:11,532 DEBUG - wire                       - http-outgoing-1 << "Content-Type:application/json; charset=utf-8[\r][\n]"
2022-07-26 18:06:11,532 DEBUG - wire                       - http-outgoing-1 << "[\r][\n]"
2022-07-26 18:06:11,532 DEBUG - wire                       - http-outgoing-1 << "{"sessionId":"0825fd6452c6727c08e344a23238e251","status":0,"value":null}"
2022-07-26 18:06:11,533 DEBUG - headers                    - http-outgoing-1 << HTTP/1.1 200 OK
2022-07-26 18:06:11,533 DEBUG - headers                    - http-outgoing-1 << Content-Length:72
2022-07-26 18:06:11,533 DEBUG - headers                    - http-outgoing-1 << Content-Type:application/json; charset=utf-8
2022-07-26 18:06:11,534 DEBUG - MainClientExec             - Connection can be kept alive indefinitely
2022-07-26 18:06:11,535 DEBUG - ttpClientConnectionManager - Connection [id: 1][route: {}->http://localhost:41607] can be kept alive indefinitely
2022-07-26 18:06:11,535 DEBUG - ttpClientConnectionManager - Connection released: [id: 1][route: {}->http://localhost:41607][total kept alive: 2; route allocated: 1 of 2000; total allocated: 2 of 2000]
End-to-End Test: Should show the correct title
2022-07-26 18:06:11,552 DEBUG - RequestAddCookies          - CookieSpec selected: default
2022-07-26 18:06:11,552 DEBUG - RequestAuthCache           - Auth cache not set in the context
2022-07-26 18:06:11,553 DEBUG - ttpClientConnectionManager - Connection request: [route: {}->http://localhost:41607][total kept alive: 2; route allocated: 1 of 2000; total allocated: 2 of 2000]
2022-07-26 18:06:11,553 DEBUG - ttpClientConnectionManager - Connection leased: [id: 1][route: {}->http://localhost:41607][total kept alive: 1; route allocated: 1 of 2000; total allocated: 2 of 2000]
2022-07-26 18:06:11,553 DEBUG - MainClientExec             - Stale connection check
2022-07-26 18:06:11,555 DEBUG - wire                       - http-outgoing-1 << "[read] I/O error: Read timed out"
2022-07-26 18:06:11,556 DEBUG - anagedHttpClientConnection - http-outgoing-1: set socket timeout to 10800000
2022-07-26 18:06:11,556 DEBUG - MainClientExec             - Executing request GET /session/0825fd6452c6727c08e344a23238e251/title HTTP/1.1
2022-07-26 18:06:11,556 DEBUG - MainClientExec             - Target auth state: UNCHALLENGED
2022-07-26 18:06:11,556 DEBUG - MainClientExec             - Proxy auth state: UNCHALLENGED
2022-07-26 18:06:11,556 DEBUG - headers                    - http-outgoing-1 >> GET /session/0825fd6452c6727c08e344a23238e251/title HTTP/1.1
2022-07-26 18:06:11,557 DEBUG - headers                    - http-outgoing-1 >> Cache-Control: no-cache
2022-07-26 18:06:11,557 DEBUG - headers                    - http-outgoing-1 >> Host: localhost:41607
2022-07-26 18:06:11,557 DEBUG - headers                    - http-outgoing-1 >> Connection: Keep-Alive
2022-07-26 18:06:11,557 DEBUG - headers                    - http-outgoing-1 >> User-Agent: Apache-HttpClient/4.5.3 (Java/17.0.3)
2022-07-26 18:06:11,557 DEBUG - headers                    - http-outgoing-1 >> Accept-Encoding: gzip,deflate
2022-07-26 18:06:11,557 DEBUG - wire                       - http-outgoing-1 >> "GET /session/0825fd6452c6727c08e344a23238e251/title HTTP/1.1[\r][\n]"
2022-07-26 18:06:11,557 DEBUG - wire                       - http-outgoing-1 >> "Cache-Control: no-cache[\r][\n]"
2022-07-26 18:06:11,557 DEBUG - wire                       - http-outgoing-1 >> "Host: localhost:41607[\r][\n]"
2022-07-26 18:06:11,557 DEBUG - wire                       - http-outgoing-1 >> "Connection: Keep-Alive[\r][\n]"
2022-07-26 18:06:11,557 DEBUG - wire                       - http-outgoing-1 >> "User-Agent: Apache-HttpClient/4.5.3 (Java/17.0.3)[\r][\n]"
2022-07-26 18:06:11,557 DEBUG - wire                       - http-outgoing-1 >> "Accept-Encoding: gzip,deflate[\r][\n]"
2022-07-26 18:06:11,557 DEBUG - wire                       - http-outgoing-1 >> "[\r][\n]"
2022-07-26 18:06:11,567 DEBUG - wire                       - http-outgoing-1 << "HTTP/1.1 200 OK[\r][\n]"
2022-07-26 18:06:11,568 DEBUG - wire                       - http-outgoing-1 << "Content-Length:99[\r][\n]"
2022-07-26 18:06:11,568 DEBUG - wire                       - http-outgoing-1 << "Content-Type:application/json; charset=utf-8[\r][\n]"
2022-07-26 18:06:11,568 DEBUG - wire                       - http-outgoing-1 << "[\r][\n]"
2022-07-26 18:06:11,568 DEBUG - wire                       - http-outgoing-1 << "{"sessionId":"0825fd6452c6727c08e344a23238e251","status":0,"value":"Error 503 Service Unavailable"}"
2022-07-26 18:06:11,568 DEBUG - headers                    - http-outgoing-1 << HTTP/1.1 200 OK
2022-07-26 18:06:11,568 DEBUG - headers                    - http-outgoing-1 << Content-Length:99
2022-07-26 18:06:11,568 DEBUG - headers                    - http-outgoing-1 << Content-Type:application/json; charset=utf-8
2022-07-26 18:06:11,568 DEBUG - MainClientExec             - Connection can be kept alive indefinitely
2022-07-26 18:06:11,569 DEBUG - ttpClientConnectionManager - Connection [id: 1][route: {}->http://localhost:41607] can be kept alive indefinitely
2022-07-26 18:06:11,569 DEBUG - ttpClientConnectionManager - Connection released: [id: 1][route: {}->http://localhost:41607][total kept alive: 2; route allocated: 1 of 2000; total allocated: 2 of 2000]
2022-07-26 18:06:12,116 DEBUG - SpecInfoListener           - Error on spec: com.testwithspring.master.message.ShowMessageTextSpec
]]></system-out>
    <system-err><![CDATA[Starting ChromeDriver 103.0.5060.134 (8ec6fce403b3feb0869b0732eda8bd95011d333c-refs/branch-heads/5060@{#1262}) on port 24045
Only local connections are allowed.
Please see https://chromedriver.chromium.org/security-considerations for suggestions on keeping ChromeDriver safe.
ChromeDriver was started successfully.
Starting ChromeDriver 103.0.5060.134 (8ec6fce403b3feb0869b0732eda8bd95011d333c-refs/branch-heads/5060@{#1262}) on port 41607
Only local connections are allowed.
Please see https://chromedriver.chromium.org/security-considerations for suggestions on keeping ChromeDriver safe.
ChromeDriver was started successfully.
]]></system-err>
  </testcase>
</testsuite>